root@ubuntu:/home/sahil/Desktop/sdk/jetson_thermal_sample# ./build.sh
=== Jetson Thermal Camera Sample Build Script ===
Target: NVIDIA Jetson with Ubuntu 22.04
Architecture: ARM64 (aarch64-linux-gnu)
Fixed version with all compilation errors resolved

Starting build process for Jetson Thermal Camera Sample...

[INFO] Checking if running on NVIDIA Jetson...
[SUCCESS] NVIDIA Jetson detected
# R36 (release), REVISION: 4.7, GCID: 42132812, BOARD: generic, EABI: aarch64, DATE: Thu Sep 18 22:54:44 UTC 2025
# KERNEL_VARIANT: oot
TARGET_USERSPACE_LIB_DIR=nvidia
TARGET_USERSPACE_LIB_DIR_PATH=usr/lib/aarch64-linux-gnu/nvidia

[INFO] Checking system requirements...
[SUCCESS] Ubuntu 22.04 detected
[SUCCESS] ARM64 architecture detected
[SUCCESS] Memory: 7619MB

[INFO] Installing dependencies...
Hit:1 http://ports.ubuntu.com/ubuntu-ports jammy InRelease
Hit:2 https://repo.download.nvidia.com/jetson/common r36.4 InRelease
Hit:3 https://repo.download.nvidia.com/jetson/t234 r36.4 InRelease
Hit:4 http://ports.ubuntu.com/ubuntu-ports jammy-updates InRelease
Hit:5 https://repo.download.nvidia.com/jetson/ffmpeg r36.4 InRelease           
Hit:6 http://ports.ubuntu.com/ubuntu-ports jammy-backports InRelease
Hit:7 http://ports.ubuntu.com/ubuntu-ports jammy-security InRelease
Reading package lists... Done
Reading package lists... Done
Building dependency tree... Done
Reading state information... Done
build-essential is already the newest version (12.9ubuntu3).
libjpeg-dev is already the newest version (8c-2ubuntu10).
libpng-dev is already the newest version (1.6.37-3build5).
libv4l-dev is already the newest version (1.22.1-2build1).
pkg-config is already the newest version (0.29.2-1ubuntu3).
libi2c-dev is already the newest version (4.3-2build1).
libserial-dev is already the newest version (1.0.0-7).
cmake is already the newest version (3.22.1-1ubuntu1.22.04.2).
git is already the newest version (1:2.34.1-1ubuntu1.15).
libcanberra-gtk3-module is already the newest version (0.30-10ubuntu1.22.04.1).
libgtk-3-dev is already the newest version (3.24.33-1ubuntu2.2).
libtiff-dev is already the newest version (4.3.0-6ubuntu0.12).
libudev-dev is already the newest version (249.11-0ubuntu3.17).
libusb-1.0-0-dev is already the newest version (2:1.0.25-1ubuntu2).
libavcodec-dev is already the newest version (7:4.4.2-0ubuntu0.22.04.1).
libavformat-dev is already the newest version (7:4.4.2-0ubuntu0.22.04.1).
libcanberra-gtk-module is already the newest version (0.30-10ubuntu1.22.04.1).
libswscale-dev is already the newest version (7:4.4.2-0ubuntu0.22.04.1).
libopencv-dev is already the newest version (4.8.0-1-g6371ee1).
The following packages were automatically installed and are no longer required:
  gdal-data libaec0 libarmadillo10 libarpack2 libavcodec58 libavfilter7
  libavformat58 libavutil56 libblosc1 libcfitsio9 libcharls2
  libevent-core-2.1-7 libevent-pthreads-2.1-7 libexif-dev libfabric1
  libfreexl1 libfyba0 libgdal30 libgdcm-dev libgdcm3.0 libgeos-c1v5
  libgeos3.10.2 libgeotiff5 libgl2ps1.4 libglew2.2 libgphoto2-dev
  libhdf4-0-alt libhdf5-103-1 libhdf5-hl-100 libheif1 libhwloc-plugins
  libhwloc15 libilmbase-dev libkmlbase1 libkmldom1 libkmlengine1 liblept5
  libminizip1 libmysqlclient21 libnetcdf19 libodbc2 libodbcinst2 libogdi4.1
  libopencv-calib3d4.5d libopencv-contrib4.5d libopencv-dnn4.5d
  libopencv-features2d4.5d libopencv-flann4.5d libopencv-highgui4.5d
  libopencv-imgcodecs4.5d libopencv-imgproc4.5d libopencv-ml4.5d
  libopencv-objdetect4.5d libopencv-photo4.5d libopencv-shape4.5d
  libopencv-stitching4.5d libopencv-superres4.5d libopencv-video4.5d
  libopencv-videoio4.5d libopencv-videostab4.5d libopencv-viz4.5d
  libopenexr-dev libopenmpi3 libpmix2 libpostproc55 libpq5 libproj22
  librttopo1 libsocket++1 libspatialite7 libssh-gcrypt-4 libsuperlu5
  libswresample3 libswscale5 libsz2 libtbb-dev libtbb12 libtesseract4 libucx0
  liburiparser1 libvdpau1 libvtk9.1 libxerces-c3.2 libxnvctrl0 mysql-common
  proj-data unixodbc-common
Use 'sudo apt autoremove' to remove them.
0 upgraded, 0 newly installed, 0 to remove and 8 not upgraded.
[SUCCESS] Dependencies installed

[INFO] Checking SDK availability...
[SUCCESS] SDK found and ARM64 libraries available

[INFO] Creating build directory...
[WARNING] Build directory exists - cleaning...
[SUCCESS] Build directory created

[INFO] Configuring CMake...
-- The C compiler identification is GNU 11.4.0
-- The CXX compiler identification is GNU 11.4.0
-- Detecting C compiler ABI info
-- Detecting C compiler ABI info - done
-- Check for working C compiler: /usr/bin/gcc - skipped
-- Detecting C compile features
-- Detecting C compile features - done
-- Detecting CXX compiler ABI info
-- Detecting CXX compiler ABI info - done
-- Check for working CXX compiler: /usr/bin/g++ - skipped
-- Detecting CXX compile features
-- Detecting CXX compile features - done
-- Found PkgConfig: /usr/bin/pkg-config (found version "0.29.2") 
-- Checking for module 'opencv4'
--   Found opencv4, version 4.8.0
-- Configuring done
-- Generating done
CMake Warning:
  Manually-specified variables were not used by the project:

    OPENCV_DIR


-- Build files have been written to: /home/sahil/Desktop/sdk/jetson_thermal_sample/build
[SUCCESS] CMake configuration completed

[INFO] Building project...
[INFO] Using 6 cores for parallel build
[INFO] Building full SDK version (with libir SDK dependencies)...
[  6%] Building CXX object CMakeFiles/jetson_thermal_sample.dir/src/config_parser.cpp.o
[ 13%] Building CXX object CMakeFiles/jetson_thermal_sample.dir/home/sahil/Desktop/sdk/libir_sample/common/v4l2_camera.cpp.o
[ 26%] Building CXX object CMakeFiles/jetson_thermal_sample.dir/src/main.cpp.o
[ 26%] Building CXX object CMakeFiles/jetson_thermal_sample.dir/home/sahil/Desktop/sdk/libir_sample/common/config.cpp.o
[ 33%] Building CXX object CMakeFiles/jetson_thermal_sample.dir/src/thermal_camera.cpp.o
[ 40%] Building CXX object CMakeFiles/jetson_thermal_sample.dir/home/sahil/Desktop/sdk/libir_sample/common/data.cpp.o
[ 46%] Building CXX object CMakeFiles/jetson_thermal_sample.dir/home/sahil/Desktop/sdk/libir_sample/common/drm_display.cpp.o
[ 53%] Building CXX object CMakeFiles/jetson_thermal_sample.dir/home/sahil/Desktop/sdk/libir_sample/components/cmd.cpp.o
[ 60%] Building C object CMakeFiles/jetson_thermal_sample.dir/home/sahil/Desktop/sdk/libir_sample/thirdparty/cJSON/src/cJSON.c.o
/home/sahil/Desktop/sdk/libir_sample/common/drm_display.cpp:103:13: warning: ‘void modeset_page_flip_handler(int, uint32_t, uint32_t, uint32_t, void*)’ defined but not used [-Wunused-function]
  103 | static void modeset_page_flip_handler(int fd, uint32_t frame,
      |             ^~~~~~~~~~~~~~~~~~~~~~~~~
/home/sahil/Desktop/sdk/libir_sample/common/drm_display.cpp:31:13: warning: ‘void write_color(buffer_object*, unsigned int)’ defined but not used [-Wunused-function]
   31 | static void write_color(struct buffer_object *bo, unsigned int color)
      |             ^~~~~~~~~~~
/home/sahil/Desktop/sdk/libir_sample/components/cmd.cpp: In function ‘void get_device_info_demo(IrcmdHandle_t*)’:
/home/sahil/Desktop/sdk/libir_sample/components/cmd.cpp:56:14: warning: ignoring return value of ‘int scanf(const char*, ...)’ declared with attribute ‘warn_unused_result’ [-Wunused-result]
   56 |         scanf("%d", &param);
      |         ~~~~~^~~~~~~~~~~~~~
/home/sahil/Desktop/sdk/libir_sample/components/cmd.cpp: In function ‘void palette_operate_demo(IrcmdHandle_t*)’:
/home/sahil/Desktop/sdk/libir_sample/components/cmd.cpp:155:14: warning: ignoring return value of ‘int scanf(const char*, ...)’ declared with attribute ‘warn_unused_result’ [-Wunused-result]
  155 |         scanf("%d", &param);
      |         ~~~~~^~~~~~~~~~~~~~
/home/sahil/Desktop/sdk/libir_sample/components/cmd.cpp:175:18: warning: ignoring return value of ‘int scanf(const char*, ...)’ declared with attribute ‘warn_unused_result’ [-Wunused-result]
  175 |             scanf("%d", &color_index);
      |             ~~~~~^~~~~~~~~~~~~~~~~~~~
/home/sahil/Desktop/sdk/libir_sample/components/cmd.cpp: In function ‘void temp_measure_demo(IrcmdHandle_t*)’:
/home/sahil/Desktop/sdk/libir_sample/components/cmd.cpp:218:14: warning: ignoring return value of ‘int scanf(const char*, ...)’ declared with attribute ‘warn_unused_result’ [-Wunused-result]
  218 |         scanf("%d", &param);
      |         ~~~~~^~~~~~~~~~~~~~
/home/sahil/Desktop/sdk/libir_sample/components/cmd.cpp:228:18: warning: ignoring return value of ‘int scanf(const char*, ...)’ declared with attribute ‘warn_unused_result’ [-Wunused-result]
  228 |             scanf("%hd %hd", &(point_pos.x), &(point_pos.y));
      |             ~~~~~^~~~~~~~~~~~~~~~~~~~~~~~~~~~~~~~~~~~~~~~~~~
/home/sahil/Desktop/sdk/libir_sample/components/cmd.cpp:236:18: warning: ignoring return value of ‘int scanf(const char*, ...)’ declared with attribute ‘warn_unused_result’ [-Wunused-result]
  236 |             scanf("%hd %hd", &(line_pos.start_point.x), &(line_pos.start_point.y));
      |             ~~~~~^~~~~~~~~~~~~~~~~~~~~~~~~~~~~~~~~~~~~~~~~~~~~~~~~~~~~~~~~~~~~~~~~
/home/sahil/Desktop/sdk/libir_sample/components/cmd.cpp:238:18: warning: ignoring return value of ‘int scanf(const char*, ...)’ declared with attribute ‘warn_unused_result’ [-Wunused-result]
  238 |             scanf("%hd %hd", &(line_pos.end_point.x), &(line_pos.end_point.y));
      |             ~~~~~^~~~~~~~~~~~~~~~~~~~~~~~~~~~~~~~~~~~~~~~~~~~~~~~~~~~~~~~~~~~~
/home/sahil/Desktop/sdk/libir_sample/components/cmd.cpp:255:18: warning: ignoring return value of ‘int scanf(const char*, ...)’ declared with attribute ‘warn_unused_result’ [-Wunused-result]
  255 |             scanf("%hd %hd", &(rect_pos.start_point.x), &(rect_pos.start_point.y));
      |             ~~~~~^~~~~~~~~~~~~~~~~~~~~~~~~~~~~~~~~~~~~~~~~~~~~~~~~~~~~~~~~~~~~~~~~
/home/sahil/Desktop/sdk/libir_sample/components/cmd.cpp:257:18: warning: ignoring return value of ‘int scanf(const char*, ...)’ declared with attribute ‘warn_unused_result’ [-Wunused-result]
  257 |             scanf("%hd %hd", &(rect_pos.end_point.x), &(rect_pos.end_point.y));
      |             ~~~~~^~~~~~~~~~~~~~~~~~~~~~~~~~~~~~~~~~~~~~~~~~~~~~~~~~~~~~~~~~~~~
/home/sahil/Desktop/sdk/libir_sample/components/cmd.cpp: In function ‘void image_effection_demo(IrcmdHandle_t*)’:
/home/sahil/Desktop/sdk/libir_sample/components/cmd.cpp:302:14: warning: ignoring return value of ‘int scanf(const char*, ...)’ declared with attribute ‘warn_unused_result’ [-Wunused-result]
  302 |         scanf("%d", &param);
      |         ~~~~~^~~~~~~~~~~~~~
/home/sahil/Desktop/sdk/libir_sample/components/cmd.cpp:312:18: warning: ignoring return value of ‘int scanf(const char*, ...)’ declared with attribute ‘warn_unused_result’ [-Wunused-result]
  312 |             scanf("%d", &level);
      |             ~~~~~^~~~~~~~~~~~~~
/home/sahil/Desktop/sdk/libir_sample/components/cmd.cpp:323:18: warning: ignoring return value of ‘int scanf(const char*, ...)’ declared with attribute ‘warn_unused_result’ [-Wunused-result]
  323 |             scanf("%d", &level);
      |             ~~~~~^~~~~~~~~~~~~~
/home/sahil/Desktop/sdk/libir_sample/components/cmd.cpp: In function ‘void switch_stream_source_demo(IrcmdHandle_t*)’:
/home/sahil/Desktop/sdk/libir_sample/components/cmd.cpp:370:14: warning: ignoring return value of ‘int scanf(const char*, ...)’ declared with attribute ‘warn_unused_result’ [-Wunused-result]
  370 |         scanf("%d", &source);
      |         ~~~~~^~~~~~~~~~~~~~~
/home/sahil/Desktop/sdk/libir_sample/components/cmd.cpp: In function ‘void command_sel(int, StreamFrameInfo_t*)’:
/home/sahil/Desktop/sdk/libir_sample/components/cmd.cpp:421:5: warning: this statement may fall through [-Wimplicit-fallthrough=]
  421 |     if (handle->product_config.camera.open_temp_measure)
      |     ^~
/home/sahil/Desktop/sdk/libir_sample/components/cmd.cpp:433:5: note: here
  433 |     case 9:
      |     ^~~~
/home/sahil/Desktop/sdk/libir_sample/components/cmd.cpp:410:14: warning: ignoring return value of ‘int scanf(const char*, ...)’ declared with attribute ‘warn_unused_result’ [-Wunused-result]
  410 |         scanf("%d", &mode);
      |         ~~~~~^~~~~~~~~~~~~
/home/sahil/Desktop/sdk/libir_sample/components/cmd.cpp:440:14: warning: ignoring return value of ‘int scanf(const char*, ...)’ declared with attribute ‘warn_unused_result’ [-Wunused-result]
  440 |         scanf("%d", &output_info.video_output_format);
      |         ~~~~~^~~~~~~~~~~~~~~~~~~~~~~~~~~~~~~~~~~~~~~~
/home/sahil/Desktop/sdk/libir_sample/components/cmd.cpp:442:14: warning: ignoring return value of ‘int scanf(const char*, ...)’ declared with attribute ‘warn_unused_result’ [-Wunused-result]
  442 |         scanf("%d", &output_info.video_output_fps);
      |         ~~~~~^~~~~~~~~~~~~~~~~~~~~~~~~~~~~~~~~~~~~
/home/sahil/Desktop/sdk/libir_sample/components/cmd.cpp:456:15: warning: ignoring return value of ‘int system(const char*)’ declared with attribute ‘warn_unused_result’ [-Wunused-result]
  456 |         system("echo 80 > /sys/class/gpio/export");
      |         ~~~~~~^~~~~~~~~~~~~~~~~~~~~~~~~~~~~~~~~~~~
/home/sahil/Desktop/sdk/libir_sample/components/cmd.cpp:457:15: warning: ignoring return value of ‘int system(const char*)’ declared with attribute ‘warn_unused_result’ [-Wunused-result]
  457 |         system("echo out > /sys/class/gpio/gpio80/direction");
      |         ~~~~~~^~~~~~~~~~~~~~~~~~~~~~~~~~~~~~~~~~~~~~~~~~~~~~~
/home/sahil/Desktop/sdk/libir_sample/components/cmd.cpp:458:15: warning: ignoring return value of ‘int system(const char*)’ declared with attribute ‘warn_unused_result’ [-Wunused-result]
  458 |         system("echo 1 > /sys/class/gpio/gpio80/value");
      |         ~~~~~~^~~~~~~~~~~~~~~~~~~~~~~~~~~~~~~~~~~~~~~~~
/home/sahil/Desktop/sdk/libir_sample/components/cmd.cpp: In function ‘void* cmd_function(void*)’:
/home/sahil/Desktop/sdk/libir_sample/components/cmd.cpp:507:14: warning: ignoring return value of ‘int scanf(const char*, ...)’ declared with attribute ‘warn_unused_result’ [-Wunused-result]
  507 |         scanf("%d", &cmd);
      |         ~~~~~^~~~~~~~~~~~
/home/sahil/Desktop/sdk/libir_sample/components/cmd.cpp: In function ‘int search_com(IrControlHandle_t*, IrcmdHandle_t**, int)’:
/home/sahil/Desktop/sdk/libir_sample/components/cmd.cpp:699:14: warning: ignoring return value of ‘size_t fread(void*, size_t, size_t, FILE*)’ declared with attribute ‘warn_unused_result’ [-Wunused-result]
  699 |         fread(buffer, 1, sizeof(buffer), fp);
      |         ~~~~~^~~~~~~~~~~~~~~~~~~~~~~~~~~~~~~
[ 66%] Building C object CMakeFiles/jetson_thermal_sample.dir/home/sahil/Desktop/sdk/libir_sample/thirdparty/libdrm/xf86drm.c.o
/home/sahil/Desktop/sdk/libir_sample/thirdparty/libdrm/xf86drm.c: In function ‘drmAddMap’:
/home/sahil/Desktop/sdk/libir_sample/thirdparty/libdrm/xf86drm.c:1112:17: warning: implicit conversion from ‘drmMapType’ to ‘enum drm_map_type’ [-Wenum-conversion]
 1112 |     map.type    = type;
      |                 ^
/home/sahil/Desktop/sdk/libir_sample/thirdparty/libdrm/xf86drm.c:1113:17: warning: implicit conversion from ‘drmMapFlags’ to ‘enum drm_map_flags’ [-Wenum-conversion]
 1113 |     map.flags   = flags;
      |                 ^
/home/sahil/Desktop/sdk/libir_sample/thirdparty/libdrm/xf86drm.c: In function ‘drmAddBufs’:
/home/sahil/Desktop/sdk/libir_sample/thirdparty/libdrm/xf86drm.c:1157:23: warning: implicit conversion from ‘drmBufDescFlags’ to ‘enum <anonymous>’ [-Wenum-conversion]
 1157 |     request.flags     = flags;
      |                       ^
/home/sahil/Desktop/sdk/libir_sample/thirdparty/libdrm/xf86drm.c: In function ‘drmDMA’:
/home/sahil/Desktop/sdk/libir_sample/thirdparty/libdrm/xf86drm.c:1436:25: warning: implicit conversion from ‘drmDMAFlags’ to ‘enum drm_dma_flags’ [-Wenum-conversion]
 1436 |     dma.flags           = request->flags;
      |                         ^
/home/sahil/Desktop/sdk/libir_sample/thirdparty/libdrm/xf86drm.c: In function ‘drmGetMap’:
/home/sahil/Desktop/sdk/libir_sample/thirdparty/libdrm/xf86drm.c:2373:13: warning: implicit conversion from ‘enum drm_map_type’ to ‘drmMapType’ [-Wenum-conversion]
 2373 |     *type   = map.type;
      |             ^
/home/sahil/Desktop/sdk/libir_sample/thirdparty/libdrm/xf86drm.c:2374:13: warning: implicit conversion from ‘enum drm_map_flags’ to ‘drmMapFlags’ [-Wenum-conversion]
 2374 |     *flags  = map.flags;
      |             ^
/home/sahil/Desktop/sdk/libir_sample/thirdparty/libdrm/xf86drm.c: In function ‘sysfs_uevent_get’:
/home/sahil/Desktop/sdk/libir_sample/thirdparty/libdrm/xf86drm.c:2965:11: warning: implicit declaration of function ‘vasprintf’; did you mean ‘vsprintf’? [-Wimplicit-function-declaration]
 2965 |     num = vasprintf(&key, fmt, ap);
      |           ^~~~~~~~~
      |           vsprintf
[ 73%] Building C object CMakeFiles/jetson_thermal_sample.dir/home/sahil/Desktop/sdk/libir_sample/thirdparty/libdrm/xf86drmHash.c.o
[ 80%] Building C object CMakeFiles/jetson_thermal_sample.dir/home/sahil/Desktop/sdk/libir_sample/thirdparty/libdrm/xf86drmMode.c.o
[ 86%] Building C object CMakeFiles/jetson_thermal_sample.dir/home/sahil/Desktop/sdk/libir_sample/thirdparty/libdrm/xf86drmRandom.c.o
[ 93%] Building C object CMakeFiles/jetson_thermal_sample.dir/home/sahil/Desktop/sdk/libir_sample/thirdparty/libdrm/xf86drmSL.c.o
/home/sahil/Desktop/sdk/jetson_thermal_sample/src/thermal_camera.cpp: In member function ‘bool ThermalCamera::initializeControl()’:
/home/sahil/Desktop/sdk/jetson_thermal_sample/src/thermal_camera.cpp:104:44: warning: missing initializer for member ‘UartConDevParams_t::reserved’ [-Wmissing-field-initializers]
  104 |         UartConDevParams_t uart_params = {0};
      |                                            ^
/home/sahil/Desktop/sdk/jetson_thermal_sample/src/thermal_camera.cpp: In member function ‘bool ThermalCamera::initializeVideo()’:
/home/sahil/Desktop/sdk/jetson_thermal_sample/src/thermal_camera.cpp:169:60: error: ‘struct v4l2_streams’ has no member named ‘video_device’
  169 |     std::string video_device = m_config.camera.v4l2_config.video_device;
      |                                                            ^~~~~~~~~~~~
/home/sahil/Desktop/sdk/jetson_thermal_sample/src/thermal_camera.cpp:173:15: error: ‘irv4l2_open’ was not declared in this scope
  173 |     int ret = irv4l2_open(m_v4l2_handle, video_device.c_str());
      |               ^~~~~~~~~~~
/home/sahil/Desktop/sdk/jetson_thermal_sample/src/thermal_camera.cpp:180:5: error: ‘V4L2Format_t’ was not declared in this scope
  180 |     V4L2Format_t format = {0};
      |     ^~~~~~~~~~~~
/home/sahil/Desktop/sdk/jetson_thermal_sample/src/thermal_camera.cpp:181:5: error: ‘format’ was not declared in this scope; did you mean ‘cv::format’?
  181 |     format.width = m_config.camera.v4l2_config.image_stream.width;
      |     ^~~~~~
      |     cv::format
In file included from /usr/local/include/opencv4/opencv2/core.hpp:3368,
                 from /usr/local/include/opencv4/opencv2/opencv.hpp:52,
                 from /home/sahil/Desktop/sdk/jetson_thermal_sample/src/thermal_camera.h:4,
                 from /home/sahil/Desktop/sdk/jetson_thermal_sample/src/thermal_camera.cpp:1:
/usr/local/include/opencv4/opencv2/core/operations.hpp:499:19: note: ‘cv::format’ declared here
  499 | CV_EXPORTS String format(const char* fmt, ...) CV_FORMAT_PRINTF(1, 2);
      |                   ^~~~~~
/home/sahil/Desktop/sdk/jetson_thermal_sample/src/thermal_camera.cpp:181:61: error: ‘struct v4l2_stream’ has no member named ‘width’
  181 |     format.width = m_config.camera.v4l2_config.image_stream.width;
      |                                                             ^~~~~
/home/sahil/Desktop/sdk/jetson_thermal_sample/src/thermal_camera.cpp:182:62: error: ‘struct v4l2_stream’ has no member named ‘height’; did you mean ‘dev_height’?
  182 |     format.height = m_config.camera.v4l2_config.image_stream.height;
      |                                                              ^~~~~~
      |                                                              dev_height
/home/sahil/Desktop/sdk/jetson_thermal_sample/src/thermal_camera.cpp:185:11: error: ‘irv4l2_set_format’ was not declared in this scope; did you mean ‘v4l2_sdr_format’?
  185 |     ret = irv4l2_set_format(m_v4l2_handle, &format);
      |           ^~~~~~~~~~~~~~~~~
      |           v4l2_sdr_format
/home/sahil/Desktop/sdk/jetson_thermal_sample/src/thermal_camera.cpp:192:5: error: ‘V4L2StreamParams_t’ was not declared in this scope; did you mean ‘CamStreamParams_t’?
  192 |     V4L2StreamParams_t stream_params = {0};
      |     ^~~~~~~~~~~~~~~~~~
      |     CamStreamParams_t
/home/sahil/Desktop/sdk/jetson_thermal_sample/src/thermal_camera.cpp:193:5: error: ‘stream_params’ was not declared in this scope; did you mean ‘sched_param’?
  193 |     stream_params.fps = m_config.camera.v4l2_config.image_stream.fps;
      |     ^~~~~~~~~~~~~
      |     sched_param
/home/sahil/Desktop/sdk/jetson_thermal_sample/src/thermal_camera.cpp:195:11: error: ‘irv4l2_set_stream_params’ was not declared in this scope
  195 |     ret = irv4l2_set_stream_params(m_v4l2_handle, &stream_params);
      |           ^~~~~~~~~~~~~~~~~~~~~~~~
/home/sahil/Desktop/sdk/jetson_thermal_sample/src/thermal_camera.cpp:202:11: error: ‘irv4l2_start_stream’ was not declared in this scope; did you mean ‘irv4l2_camera_start_stream’?
  202 |     ret = irv4l2_start_stream(m_v4l2_handle);
      |           ^~~~~~~~~~~~~~~~~~~
      |           irv4l2_camera_start_stream
/home/sahil/Desktop/sdk/jetson_thermal_sample/src/thermal_camera.cpp: In member function ‘cv::Mat ThermalCamera::captureRealThermalFrame()’:
/home/sahil/Desktop/sdk/jetson_thermal_sample/src/thermal_camera.cpp:514:5: error: ‘V4L2Frame_t’ was not declared in this scope
  514 |     V4L2Frame_t frame_data;
      |     ^~~~~~~~~~~
/home/sahil/Desktop/sdk/jetson_thermal_sample/src/thermal_camera.cpp:515:48: error: ‘frame_data’ was not declared in this scope
  515 |     int ret = irv4l2_get_frame(m_v4l2_handle, &frame_data);
      |                                                ^~~~~~~~~~
/home/sahil/Desktop/sdk/jetson_thermal_sample/src/thermal_camera.cpp:515:15: error: ‘irv4l2_get_frame’ was not declared in this scope
  515 |     int ret = irv4l2_get_frame(m_v4l2_handle, &frame_data);
      |               ^~~~~~~~~~~~~~~~
/home/sahil/Desktop/sdk/jetson_thermal_sample/src/thermal_camera.cpp:546:5: error: ‘irv4l2_release_frame’ was not declared in this scope
  546 |     irv4l2_release_frame(m_v4l2_handle, &frame_data);
      |     ^~~~~~~~~~~~~~~~~~~~
make[3]: *** [CMakeFiles/jetson_thermal_sample.dir/build.make:90: CMakeFiles/jetson_thermal_sample.dir/src/thermal_camera.cpp.o] Error 1
make[2]: *** [CMakeFiles/Makefile2:85: CMakeFiles/jetson_thermal_sample.dir/all] Error 2
make[1]: *** [CMakeFiles/Makefile2:92: CMakeFiles/jetson_thermal_sample.dir/rule] Error 2
make: *** [Makefile:169: jetson_thermal_sample] Error 2
[SUCCESS] Full SDK version built successfully
[SUCCESS] Build completed

[INFO] Installing project...
Consolidate compiler generated dependencies of target jetson_thermal_sample
[  5%] Building CXX object CMakeFiles/jetson_thermal_sample.dir/src/thermal_camera.cpp.o
/home/sahil/Desktop/sdk/jetson_thermal_sample/src/thermal_camera.cpp: In member function ‘bool ThermalCamera::initializeControl()’:
/home/sahil/Desktop/sdk/jetson_thermal_sample/src/thermal_camera.cpp:104:44: warning: missing initializer for member ‘UartConDevParams_t::reserved’ [-Wmissing-field-initializers]
  104 |         UartConDevParams_t uart_params = {0};
      |                                            ^
/home/sahil/Desktop/sdk/jetson_thermal_sample/src/thermal_camera.cpp: In member function ‘bool ThermalCamera::initializeVideo()’:
/home/sahil/Desktop/sdk/jetson_thermal_sample/src/thermal_camera.cpp:169:60: error: ‘struct v4l2_streams’ has no member named ‘video_device’
  169 |     std::string video_device = m_config.camera.v4l2_config.video_device;
      |                                                            ^~~~~~~~~~~~
/home/sahil/Desktop/sdk/jetson_thermal_sample/src/thermal_camera.cpp:173:15: error: ‘irv4l2_open’ was not declared in this scope
  173 |     int ret = irv4l2_open(m_v4l2_handle, video_device.c_str());
      |               ^~~~~~~~~~~
/home/sahil/Desktop/sdk/jetson_thermal_sample/src/thermal_camera.cpp:180:5: error: ‘V4L2Format_t’ was not declared in this scope
  180 |     V4L2Format_t format = {0};
      |     ^~~~~~~~~~~~
/home/sahil/Desktop/sdk/jetson_thermal_sample/src/thermal_camera.cpp:181:5: error: ‘format’ was not declared in this scope; did you mean ‘cv::format’?
  181 |     format.width = m_config.camera.v4l2_config.image_stream.width;
      |     ^~~~~~
      |     cv::format
In file included from /usr/local/include/opencv4/opencv2/core.hpp:3368,
                 from /usr/local/include/opencv4/opencv2/opencv.hpp:52,
                 from /home/sahil/Desktop/sdk/jetson_thermal_sample/src/thermal_camera.h:4,
                 from /home/sahil/Desktop/sdk/jetson_thermal_sample/src/thermal_camera.cpp:1:
/usr/local/include/opencv4/opencv2/core/operations.hpp:499:19: note: ‘cv::format’ declared here
  499 | CV_EXPORTS String format(const char* fmt, ...) CV_FORMAT_PRINTF(1, 2);
      |                   ^~~~~~
/home/sahil/Desktop/sdk/jetson_thermal_sample/src/thermal_camera.cpp:181:61: error: ‘struct v4l2_stream’ has no member named ‘width’
  181 |     format.width = m_config.camera.v4l2_config.image_stream.width;
      |                                                             ^~~~~
/home/sahil/Desktop/sdk/jetson_thermal_sample/src/thermal_camera.cpp:182:62: error: ‘struct v4l2_stream’ has no member named ‘height’; did you mean ‘dev_height’?
  182 |     format.height = m_config.camera.v4l2_config.image_stream.height;
      |                                                              ^~~~~~
      |                                                              dev_height
/home/sahil/Desktop/sdk/jetson_thermal_sample/src/thermal_camera.cpp:185:11: error: ‘irv4l2_set_format’ was not declared in this scope; did you mean ‘v4l2_sdr_format’?
  185 |     ret = irv4l2_set_format(m_v4l2_handle, &format);
      |           ^~~~~~~~~~~~~~~~~
      |           v4l2_sdr_format
/home/sahil/Desktop/sdk/jetson_thermal_sample/src/thermal_camera.cpp:192:5: error: ‘V4L2StreamParams_t’ was not declared in this scope; did you mean ‘CamStreamParams_t’?
  192 |     V4L2StreamParams_t stream_params = {0};
      |     ^~~~~~~~~~~~~~~~~~
      |     CamStreamParams_t
/home/sahil/Desktop/sdk/jetson_thermal_sample/src/thermal_camera.cpp:193:5: error: ‘stream_params’ was not declared in this scope; did you mean ‘sched_param’?
  193 |     stream_params.fps = m_config.camera.v4l2_config.image_stream.fps;
      |     ^~~~~~~~~~~~~
      |     sched_param
/home/sahil/Desktop/sdk/jetson_thermal_sample/src/thermal_camera.cpp:195:11: error: ‘irv4l2_set_stream_params’ was not declared in this scope
  195 |     ret = irv4l2_set_stream_params(m_v4l2_handle, &stream_params);
      |           ^~~~~~~~~~~~~~~~~~~~~~~~
/home/sahil/Desktop/sdk/jetson_thermal_sample/src/thermal_camera.cpp:202:11: error: ‘irv4l2_start_stream’ was not declared in this scope; did you mean ‘irv4l2_camera_start_stream’?
  202 |     ret = irv4l2_start_stream(m_v4l2_handle);
      |           ^~~~~~~~~~~~~~~~~~~
      |           irv4l2_camera_start_stream
/home/sahil/Desktop/sdk/jetson_thermal_sample/src/thermal_camera.cpp: In member function ‘cv::Mat ThermalCamera::captureRealThermalFrame()’:
/home/sahil/Desktop/sdk/jetson_thermal_sample/src/thermal_camera.cpp:514:5: error: ‘V4L2Frame_t’ was not declared in this scope
  514 |     V4L2Frame_t frame_data;
      |     ^~~~~~~~~~~
/home/sahil/Desktop/sdk/jetson_thermal_sample/src/thermal_camera.cpp:515:48: error: ‘frame_data’ was not declared in this scope
  515 |     int ret = irv4l2_get_frame(m_v4l2_handle, &frame_data);
      |                                                ^~~~~~~~~~
/home/sahil/Desktop/sdk/jetson_thermal_sample/src/thermal_camera.cpp:515:15: error: ‘irv4l2_get_frame’ was not declared in this scope
  515 |     int ret = irv4l2_get_frame(m_v4l2_handle, &frame_data);
      |               ^~~~~~~~~~~~~~~~
/home/sahil/Desktop/sdk/jetson_thermal_sample/src/thermal_camera.cpp:546:5: error: ‘irv4l2_release_frame’ was not declared in this scope
  546 |     irv4l2_release_frame(m_v4l2_handle, &frame_data);
      |     ^~~~~~~~~~~~~~~~~~~~
make[2]: *** [CMakeFiles/jetson_thermal_sample.dir/build.make:90: CMakeFiles/jetson_thermal_sample.dir/src/thermal_camera.cpp.o] Error 1
make[1]: *** [CMakeFiles/Makefile2:85: CMakeFiles/jetson_thermal_sample.dir/all] Error 2
make: *** [Makefile:136: all] Error 2
